<?xml version="1.0" encoding="UTF-8"?>
<testng-results ignored="0" total="4" passed="3" failed="1" skipped="0">
  <reporter-output>
  </reporter-output>
  <suite started-at="2025-08-02T16:45:19 IST" name="Default suite" finished-at="2025-08-02T16:45:36 IST" duration-ms="17010">
    <groups>
    </groups>
    <test started-at="2025-08-02T16:45:19 IST" name="Default test" finished-at="2025-08-02T16:45:36 IST" duration-ms="17010">
      <class name="tests.LoginTests">
        <test-method is-config="true" signature="setUp()[pri:0, instance:tests.LoginTests@10e31a9a]" started-at="2025-08-02T16:45:19 IST" name="setUp" finished-at="2025-08-02T16:45:24 IST" duration-ms="4586" status="PASS">
          <reporter-output>
          </reporter-output>
        </test-method> <!-- setUp -->
        <test-method signature="testInvalidLoginShowErrorMsg()[pri:0, instance:tests.LoginTests@10e31a9a]" started-at="2025-08-02T16:45:24 IST" name="testInvalidLoginShowErrorMsg" finished-at="2025-08-02T16:45:25 IST" duration-ms="1283" status="PASS">
          <reporter-output>
          </reporter-output>
        </test-method> <!-- testInvalidLoginShowErrorMsg -->
        <test-method is-config="true" signature="tearDown()[pri:0, instance:tests.LoginTests@10e31a9a]" started-at="2025-08-02T16:45:25 IST" name="tearDown" finished-at="2025-08-02T16:45:26 IST" duration-ms="363" status="PASS">
          <reporter-output>
          </reporter-output>
        </test-method> <!-- tearDown -->
        <test-method is-config="true" signature="setUp()[pri:0, instance:tests.LoginTests@10e31a9a]" started-at="2025-08-02T16:45:26 IST" name="setUp" finished-at="2025-08-02T16:45:28 IST" duration-ms="2440" status="PASS">
          <reporter-output>
          </reporter-output>
        </test-method> <!-- setUp -->
        <test-method signature="testLoginButtonDisabledWhenFieldAreEmpty()[pri:0, instance:tests.LoginTests@10e31a9a]" started-at="2025-08-02T16:45:28 IST" name="testLoginButtonDisabledWhenFieldAreEmpty" finished-at="2025-08-02T16:45:28 IST" duration-ms="107" status="FAIL">
          <exception class="java.lang.AssertionError">
            <message>
              <![CDATA[Login button should be disabled when fields are empty expected [false] but found [true]]]>
            </message>
            <full-stacktrace>
              <![CDATA[java.lang.AssertionError: Login button should be disabled when fields are empty expected [false] but found [true]
at org.testng.Assert.fail(Assert.java:111)
at org.testng.Assert.failNotEquals(Assert.java:1578)
at org.testng.Assert.assertFalse(Assert.java:79)
at tests.LoginTests.testLoginButtonDisabledWhenFieldAreEmpty(LoginTests.java:22)
at java.base/jdk.internal.reflect.DirectMethodHandleAccessor.invoke(DirectMethodHandleAccessor.java:103)
at java.base/java.lang.reflect.Method.invoke(Method.java:580)
at org.testng.internal.invokers.MethodInvocationHelper.invokeMethod(MethodInvocationHelper.java:139)
at org.testng.internal.invokers.TestInvoker.invokeMethod(TestInvoker.java:664)
at org.testng.internal.invokers.TestInvoker.invokeTestMethod(TestInvoker.java:228)
at org.testng.internal.invokers.MethodRunner.runInSequence(MethodRunner.java:63)
at org.testng.internal.invokers.TestInvoker$MethodInvocationAgent.invoke(TestInvoker.java:961)
at org.testng.internal.invokers.TestInvoker.invokeTestMethods(TestInvoker.java:201)
at org.testng.internal.invokers.TestMethodWorker.invokeTestMethods(TestMethodWorker.java:148)
at org.testng.internal.invokers.TestMethodWorker.run(TestMethodWorker.java:128)
at java.base/java.util.ArrayList.forEach(ArrayList.java:1596)
at org.testng.TestRunner.privateRun(TestRunner.java:819)
at org.testng.TestRunner.run(TestRunner.java:619)
at org.testng.SuiteRunner.runTest(SuiteRunner.java:443)
at org.testng.SuiteRunner.runSequentially(SuiteRunner.java:437)
at org.testng.SuiteRunner.privateRun(SuiteRunner.java:397)
at org.testng.SuiteRunner.run(SuiteRunner.java:336)
at org.testng.SuiteRunnerWorker.runSuite(SuiteRunnerWorker.java:52)
at org.testng.SuiteRunnerWorker.run(SuiteRunnerWorker.java:95)
at org.testng.TestNG.runSuitesSequentially(TestNG.java:1301)
at org.testng.TestNG.runSuitesLocally(TestNG.java:1228)
at org.testng.TestNG.runSuites(TestNG.java:1134)
at org.testng.TestNG.run(TestNG.java:1101)
at org.testng.remote.AbstractRemoteTestNG.run(AbstractRemoteTestNG.java:115)
at org.testng.remote.RemoteTestNG.initAndRun(RemoteTestNG.java:293)
at org.testng.remote.RemoteTestNG.main(RemoteTestNG.java:91)
]]>
            </full-stacktrace>
          </exception> <!-- java.lang.AssertionError -->
          <reporter-output>
          </reporter-output>
        </test-method> <!-- testLoginButtonDisabledWhenFieldAreEmpty -->
        <test-method is-config="true" signature="tearDown()[pri:0, instance:tests.LoginTests@10e31a9a]" started-at="2025-08-02T16:45:28 IST" name="tearDown" finished-at="2025-08-02T16:45:29 IST" duration-ms="462" status="PASS">
          <reporter-output>
          </reporter-output>
        </test-method> <!-- tearDown -->
        <test-method is-config="true" signature="setUp()[pri:0, instance:tests.LoginTests@10e31a9a]" started-at="2025-08-02T16:45:29 IST" name="setUp" finished-at="2025-08-02T16:45:30 IST" duration-ms="1576" status="PASS">
          <reporter-output>
          </reporter-output>
        </test-method> <!-- setUp -->
        <test-method signature="testPasswordMaskedbutton()[pri:0, instance:tests.LoginTests@10e31a9a]" started-at="2025-08-02T16:45:30 IST" name="testPasswordMaskedbutton" finished-at="2025-08-02T16:45:32 IST" duration-ms="1191" status="PASS">
          <reporter-output>
          </reporter-output>
        </test-method> <!-- testPasswordMaskedbutton -->
        <test-method is-config="true" signature="tearDown()[pri:0, instance:tests.LoginTests@10e31a9a]" started-at="2025-08-02T16:45:32 IST" name="tearDown" finished-at="2025-08-02T16:45:32 IST" duration-ms="524" status="PASS">
          <reporter-output>
          </reporter-output>
        </test-method> <!-- tearDown -->
        <test-method is-config="true" signature="setUp()[pri:0, instance:tests.LoginTests@10e31a9a]" started-at="2025-08-02T16:45:32 IST" name="setUp" finished-at="2025-08-02T16:45:36 IST" duration-ms="3878" status="PASS">
          <reporter-output>
          </reporter-output>
        </test-method> <!-- setUp -->
        <test-method signature="validateLoginPageElements()[pri:0, instance:tests.LoginTests@10e31a9a]" started-at="2025-08-02T16:45:36 IST" name="validateLoginPageElements" finished-at="2025-08-02T16:45:36 IST" duration-ms="197" status="PASS">
          <reporter-output>
          </reporter-output>
        </test-method> <!-- validateLoginPageElements -->
        <test-method is-config="true" signature="tearDown()[pri:0, instance:tests.LoginTests@10e31a9a]" started-at="2025-08-02T16:45:36 IST" name="tearDown" finished-at="2025-08-02T16:45:36 IST" duration-ms="322" status="PASS">
          <reporter-output>
          </reporter-output>
        </test-method> <!-- tearDown -->
      </class> <!-- tests.LoginTests -->
    </test> <!-- Default test -->
  </suite> <!-- Default suite -->
</testng-results>
